<?xml version="1.0" encoding="UTF-8"?>
<!-- Generated by org.testng.reporters.JUnitXMLReporter -->
<testsuite hostname="PATHARAJ1" name="Default test" tests="3" failures="0" timestamp="15 Feb 2018 18:33:03 GMT" time="0.035" errors="0">
  <testcase name="m1" time="0.0" classname="com.selenium.maintopics.IAnnotaionExample">
    <skipped/>
  </testcase> <!-- m1 -->
  <testcase name="m2" time="0.0" classname="com.selenium.maintopics.IAnnotaionExample">
    <skipped/>
  </testcase> <!-- m2 -->
  <testcase name="m3" time="0.0" classname="com.selenium.maintopics.IAnnotaionExample">
    <skipped/>
  </testcase> <!-- m3 -->
</testsuite> <!-- Default test -->
