<?xml version="1.0" encoding="UTF-8"?>
<!-- Generated by org.testng.reporters.JUnitXMLReporter -->
<testsuite hostname="PATHARAJ1" name="Test" tests="7" failures="0" timestamp="13 Dec 2017 13:04:51 GMT" time="79.244" errors="0">
  <testcase name="C" time="26.56" classname="com.parallel.test.ClassC"/>
  <testcase name="B" time="7.663" classname="com.parallel.test.ClassB"/>
  <testcase name="A" time="10.924" classname="com.parallel.test.ClassA"/>
  <testcase name="G" time="8.137" classname="com.parallel.test.ClassG"/>
  <testcase name="F" time="9.248" classname="com.parallel.test.ClassF"/>
  <testcase name="E" time="8.435" classname="com.parallel.test.ClassE"/>
  <testcase name="D" time="8.231" classname="com.parallel.test.ClassD"/>
</testsuite> <!-- Test -->
