<?xml version="1.0" encoding="UTF-8"?>
<!-- Generated by org.testng.reporters.JUnitXMLReporter -->
<testsuite hostname="PATHARAJ1" name="Test" tests="6" failures="0" timestamp="15 Feb 2018 18:27:37 GMT" time="0.06" errors="0">
  <testcase name="m1" time="0.015" classname="com.selenium.maintopics.IAnnotaionExample"/>
  <testcase name="m1" time="0.004" classname="com.selenium.maintopics.IAnnotaionExample"/>
  <testcase name="m1" time="0.001" classname="com.selenium.maintopics.IAnnotaionExample"/>
  <testcase name="m2" time="0.002" classname="com.selenium.maintopics.IAnnotaionExample"/>
  <testcase name="m2" time="0.002" classname="com.selenium.maintopics.IAnnotaionExample"/>
  <testcase name="m2" time="0.002" classname="com.selenium.maintopics.IAnnotaionExample"/>
</testsuite> <!-- Test -->
